<?xml version="1.0" encoding="UTF-8"?>
<!-- Generated by org.testng.reporters.JUnitReportReporter -->
<testsuite hostname="COGNINE-L67" failures="0" tests="1" name="restassuredIntermidiate.IgnoreUnknownPropertiesJsonIgnoreProperties" time="0.409" errors="0" timestamp="2024-08-09T15:35:53 IST" skipped="0">
  <testcase classname="restassuredIntermidiate.IgnoreUnknownPropertiesJsonIgnoreProperties" name="MissingProperties" time="0.409"/>
</testsuite> <!-- restassuredIntermidiate.IgnoreUnknownPropertiesJsonIgnoreProperties -->
