<?xml version="1.0" encoding="UTF-8"?>
<!-- Generated by org.testng.reporters.JUnitReportReporter -->
<testsuite hostname="COGNINE-L67" failures="0" tests="1" name="restassuredIntermidiate.CreateJSONobjectUsingArrayNode" time="0.303" errors="0" timestamp="2024-06-12T14:37:17 IST" skipped="0">
  <testcase classname="restassuredIntermidiate.CreateJSONobjectUsingArrayNode" name="CreatingNestedJsonObjectTest" time="0.303"/>
</testsuite> <!-- restassuredIntermidiate.CreateJSONobjectUsingArrayNode -->
