<?xml version="1.0" encoding="UTF-8"?>
<!-- Generated by org.testng.reporters.JUnitReportReporter -->
<testsuite hostname="COGNINE-L67" failures="0" tests="1" name="restassuredIntermidiate.IgnoreUnknownPropertiesObjMap3r" time="0.370" errors="0" timestamp="2024-05-03T15:55:02 IST" skipped="0">
  <testcase classname="restassuredIntermidiate.IgnoreUnknownPropertiesObjMap3r" name="MissingProperties" time="0.370"/>
</testsuite> <!-- restassuredIntermidiate.IgnoreUnknownPropertiesObjMap3r -->
