<?xml version="1.0" encoding="UTF-8"?>
<!-- Generated by org.testng.reporters.JUnitReportReporter -->
<testsuite hostname="COGNINE-L67" failures="0" tests="1" name="jsonIgnoreProperty.SerializationDeserialization1" time="0.404" errors="0" timestamp="2024-08-16T15:38:02 IST" skipped="0">
  <testcase classname="jsonIgnoreProperty.SerializationDeserialization1" name="Serialization_Deserialization" time="0.404"/>
</testsuite> <!-- jsonIgnoreProperty.SerializationDeserialization1 -->
