<?xml version="1.0" encoding="UTF-8"?>
<!-- Generated by org.testng.reporters.JUnitReportReporter -->
<testsuite hostname="COGNINE-L67" failures="0" tests="1" name="test.xyz" time="0.110" errors="0" timestamp="2024-08-10T10:30:21 IST" skipped="0">
  <testcase classname="test.xyz" name="test" time="0.110"/>
</testsuite> <!-- test.xyz -->
