<?xml version="1.0" encoding="UTF-8"?>
<!-- Generated by org.testng.reporters.JUnitReportReporter -->
<testsuite hostname="COGNINE-L67" failures="0" tests="1" name="restassuredIntermidiate.POJOClassJSONArrayPayload" time="0.578" errors="0" timestamp="2024-06-12T15:25:20 IST" skipped="0">
  <testcase classname="restassuredIntermidiate.POJOClassJSONArrayPayload" name="CreateList" time="0.578"/>
</testsuite> <!-- restassuredIntermidiate.POJOClassJSONArrayPayload -->
