<?xml version="1.0" encoding="UTF-8"?>
<!-- Generated by org.testng.reporters.JUnitReportReporter -->
<testsuite hostname="COGNINE-L67" failures="0" tests="1" name="restassuredIntermidiate.JSONusingJACKSON" time="0.349" errors="0" timestamp="2024-06-12T13:23:30 IST" skipped="0">
  <testcase classname="restassuredIntermidiate.JSONusingJACKSON" name="CreatingNestedJsonObjectTest" time="0.349"/>
</testsuite> <!-- restassuredIntermidiate.JSONusingJACKSON -->
