<?xml version="1.0" encoding="UTF-8"?>
<!-- Generated by org.testng.reporters.JUnitReportReporter -->
<testsuite hostname="COGNINE-L67" failures="0" tests="2" name="Request.DefaultRequestSpecificationExample" time="4.395" errors="0" timestamp="2023-11-01T12:31:52 IST" skipped="0">
  <testcase classname="Request.DefaultRequestSpecificationExample" name="useDefaultRequestSpecification" time="1.686"/>
  <testcase classname="Request.DefaultRequestSpecificationExample" name="overrideDefaultRequestSpecification" time="2.709"/>
</testsuite> <!-- Request.DefaultRequestSpecificationExample -->
