<?xml version="1.0" encoding="UTF-8"?>
<!-- Generated by org.testng.reporters.JUnitReportReporter -->
<testsuite hostname="COGNINE-L67" failures="0" tests="2" name="Request.SettingDefaultRequestSpecification" time="2.039" errors="0" timestamp="2023-10-31T15:23:28 IST" skipped="0">
  <testcase classname="Request.SettingDefaultRequestSpecification" name="OverrideDefault" time="1.886"/>
  <testcase classname="Request.SettingDefaultRequestSpecification" name="UseDefault" time="0.153"/>
</testsuite> <!-- Request.SettingDefaultRequestSpecification -->
