<?xml version="1.0" encoding="UTF-8"?>
<!-- Generated by org.testng.reporters.JUnitReportReporter -->
<testsuite hostname="COGNINE-L67" failures="0" tests="1" name="jsonIgnoreProperty.SerializationDeserialization" time="0.402" errors="0" timestamp="2024-08-16T15:34:22 IST" skipped="0">
  <testcase classname="jsonIgnoreProperty.SerializationDeserialization" name="Serialization_Deserialization" time="0.402"/>
</testsuite> <!-- jsonIgnoreProperty.SerializationDeserialization -->
