<?xml version="1.0" encoding="UTF-8"?>
<!-- Generated by org.testng.reporters.JUnitReportReporter -->
<testsuite hostname="COGNINE-L67" failures="0" tests="1" name="restassuredIntermidiate.SerializationDeserialization" time="0.783" errors="0" timestamp="2024-05-02T12:03:56 IST" skipped="0">
  <testcase classname="restassuredIntermidiate.SerializationDeserialization" name="Serialization_Deserialization" time="0.783"/>
</testsuite> <!-- restassuredIntermidiate.SerializationDeserialization -->
