<?xml version="1.0" encoding="UTF-8"?>
<!-- Generated by org.testng.reporters.JUnitReportReporter -->
<testsuite hostname="COGNINE-L67" failures="0" tests="1" name="IgnoreUnkonwnProperties.IgnoreUnknownPropertiesObjMap" time="0.364" errors="0" timestamp="2024-08-16T14:58:19 IST" skipped="0">
  <testcase classname="IgnoreUnkonwnProperties.IgnoreUnknownPropertiesObjMap" name="missingproperties" time="0.364"/>
</testsuite> <!-- IgnoreUnkonwnProperties.IgnoreUnknownPropertiesObjMap -->
