<?xml version="1.0" encoding="UTF-8"?>
<!-- Generated by org.testng.reporters.JUnitReportReporter -->
<testsuite hostname="COGNINE-L67" failures="0" tests="1" name="restassuredIntermidiate.POJOClassJSONObjectPayload" time="0.444" errors="0" timestamp="2024-06-12T15:15:01 IST" skipped="0">
  <testcase classname="restassuredIntermidiate.POJOClassJSONObjectPayload" name="BadmintonJSONFromPOJOClass" time="0.444"/>
</testsuite> <!-- restassuredIntermidiate.POJOClassJSONObjectPayload -->
