<?xml version="1.0" encoding="UTF-8"?>
<!-- Generated by org.testng.reporters.JUnitReportReporter -->
<testsuite hostname="COGNINE-L67" failures="0" tests="1" name="IntermidiatePractise.POJOclassJsonObjectPayload" time="0.758" errors="0" timestamp="2024-06-25T15:27:21 IST" skipped="0">
  <testcase classname="IntermidiatePractise.POJOclassJsonObjectPayload" name="badmintonJsonFromPojoClass" time="0.758"/>
</testsuite> <!-- IntermidiatePractise.POJOclassJsonObjectPayload -->
