<?xml version="1.0" encoding="UTF-8"?>
<!-- Generated by org.testng.reporters.JUnitReportReporter -->
<testsuite hostname="COGNINE-L67" failures="0" tests="1" name="IgnoreUnkonwnProperties.IgnoreUnkownJsonProperties" time="0.351" errors="0" timestamp="2024-08-09T16:07:50 IST" skipped="0">
  <testcase classname="IgnoreUnkonwnProperties.IgnoreUnkownJsonProperties" name="missingunknown" time="0.351"/>
</testsuite> <!-- IgnoreUnkonwnProperties.IgnoreUnkownJsonProperties -->
