<?xml version="1.0" encoding="UTF-8"?>
<!-- Generated by org.testng.reporters.JUnitReportReporter -->
<testsuite hostname="COGNINE-L67" failures="0" tests="1" name="restassuredIntermidiate.IgnoreUnknownPropertiesJsonIgnoreProperties" time="0.354" errors="0" timestamp="2024-05-03T15:47:13 IST" skipped="0">
  <testcase classname="restassuredIntermidiate.IgnoreUnknownPropertiesJsonIgnoreProperties" name="MissingProperties" time="0.354"/>
</testsuite> <!-- restassuredIntermidiate.IgnoreUnknownPropertiesJsonIgnoreProperties -->
